c:\users\wdcta\onedrive\desktop\kit308\assignment 3\kit308_assignment3\raytracerass3\stage3\release\vc142.pdb
c:\users\wdcta\onedrive\desktop\kit308\assignment 3\kit308_assignment3\raytracerass3\stage3\release\texturing.obj
c:\users\wdcta\onedrive\desktop\kit308\assignment 3\kit308_assignment3\raytracerass3\stage3\release\scene.obj
c:\users\wdcta\onedrive\desktop\kit308\assignment 3\kit308_assignment3\raytracerass3\stage3\release\raytrace.obj
c:\users\wdcta\onedrive\desktop\kit308\assignment 3\kit308_assignment3\raytracerass3\stage3\release\loadcl.obj
c:\users\wdcta\onedrive\desktop\kit308\assignment 3\kit308_assignment3\raytracerass3\stage3\release\lighting.obj
c:\users\wdcta\onedrive\desktop\kit308\assignment 3\kit308_assignment3\raytracerass3\stage3\release\intersection.obj
c:\users\wdcta\onedrive\desktop\kit308\assignment 3\kit308_assignment3\raytracerass3\stage3\release\imageio.obj
c:\users\wdcta\onedrive\desktop\kit308\assignment 3\kit308_assignment3\raytracerass3\stage3\release\config.obj
c:\users\wdcta\onedrive\desktop\kit308\assignment 3\kit308_assignment3\raytracerass3\release\stage3.exe
c:\users\wdcta\onedrive\desktop\kit308\assignment 3\kit308_assignment3\raytracerass3\release\stage3.pdb
c:\users\wdcta\onedrive\desktop\kit308\assignment 3\kit308_assignment3\raytracerass3\release\stage3.ipdb
c:\users\wdcta\onedrive\desktop\kit308\assignment 3\kit308_assignment3\raytracerass3\release\stage3.iobj
c:\users\wdcta\onedrive\desktop\kit308\assignment 3\kit308_assignment3\raytracerass3\stage3\release\stage3.tlog\cl.command.1.tlog
c:\users\wdcta\onedrive\desktop\kit308\assignment 3\kit308_assignment3\raytracerass3\stage3\release\stage3.tlog\cl.read.1.tlog
c:\users\wdcta\onedrive\desktop\kit308\assignment 3\kit308_assignment3\raytracerass3\stage3\release\stage3.tlog\cl.write.1.tlog
c:\users\wdcta\onedrive\desktop\kit308\assignment 3\kit308_assignment3\raytracerass3\stage3\release\stage3.tlog\link.command.1.tlog
c:\users\wdcta\onedrive\desktop\kit308\assignment 3\kit308_assignment3\raytracerass3\stage3\release\stage3.tlog\link.read.1.tlog
c:\users\wdcta\onedrive\desktop\kit308\assignment 3\kit308_assignment3\raytracerass3\stage3\release\stage3.tlog\link.write.1.tlog
c:\users\wdcta\onedrive\desktop\kit308\assignment 3\kit308_assignment3\raytracerass3\stage3\release\stage3.tlog\stage3.write.1u.tlog
