c:\users\wdcta\onedrive\desktop\kit308\assignment 3\kit308_assignment3\raytracerass3\stage5\release\vc142.pdb
c:\users\wdcta\onedrive\desktop\kit308\assignment 3\kit308_assignment3\raytracerass3\stage5\release\texturing.obj
c:\users\wdcta\onedrive\desktop\kit308\assignment 3\kit308_assignment3\raytracerass3\stage5\release\scene.obj
c:\users\wdcta\onedrive\desktop\kit308\assignment 3\kit308_assignment3\raytracerass3\stage5\release\raytrace.obj
c:\users\wdcta\onedrive\desktop\kit308\assignment 3\kit308_assignment3\raytracerass3\stage5\release\loadcl.obj
c:\users\wdcta\onedrive\desktop\kit308\assignment 3\kit308_assignment3\raytracerass3\stage5\release\lighting.obj
c:\users\wdcta\onedrive\desktop\kit308\assignment 3\kit308_assignment3\raytracerass3\stage5\release\intersection.obj
c:\users\wdcta\onedrive\desktop\kit308\assignment 3\kit308_assignment3\raytracerass3\stage5\release\imageio.obj
c:\users\wdcta\onedrive\desktop\kit308\assignment 3\kit308_assignment3\raytracerass3\stage5\release\config.obj
c:\users\wdcta\onedrive\desktop\kit308\assignment 3\kit308_assignment3\raytracerass3\release\stage5.exe
c:\users\wdcta\onedrive\desktop\kit308\assignment 3\kit308_assignment3\raytracerass3\release\stage5.pdb
c:\users\wdcta\onedrive\desktop\kit308\assignment 3\kit308_assignment3\raytracerass3\release\stage5.ipdb
c:\users\wdcta\onedrive\desktop\kit308\assignment 3\kit308_assignment3\raytracerass3\release\stage5.iobj
c:\users\wdcta\onedrive\desktop\kit308\assignment 3\kit308_assignment3\raytracerass3\stage5\release\stage5.tlog\cl.command.1.tlog
c:\users\wdcta\onedrive\desktop\kit308\assignment 3\kit308_assignment3\raytracerass3\stage5\release\stage5.tlog\cl.read.1.tlog
c:\users\wdcta\onedrive\desktop\kit308\assignment 3\kit308_assignment3\raytracerass3\stage5\release\stage5.tlog\cl.write.1.tlog
c:\users\wdcta\onedrive\desktop\kit308\assignment 3\kit308_assignment3\raytracerass3\stage5\release\stage5.tlog\link.command.1.tlog
c:\users\wdcta\onedrive\desktop\kit308\assignment 3\kit308_assignment3\raytracerass3\stage5\release\stage5.tlog\link.read.1.tlog
c:\users\wdcta\onedrive\desktop\kit308\assignment 3\kit308_assignment3\raytracerass3\stage5\release\stage5.tlog\link.write.1.tlog
c:\users\wdcta\onedrive\desktop\kit308\assignment 3\kit308_assignment3\raytracerass3\stage5\release\stage5.tlog\stage5.write.1u.tlog
