c:\users\wdcta\onedrive\desktop\kit308\assignment 3\kit308_assignment3\raytracerass3\stage4\release\vc142.pdb
c:\users\wdcta\onedrive\desktop\kit308\assignment 3\kit308_assignment3\raytracerass3\stage4\release\texturing.obj
c:\users\wdcta\onedrive\desktop\kit308\assignment 3\kit308_assignment3\raytracerass3\stage4\release\scene.obj
c:\users\wdcta\onedrive\desktop\kit308\assignment 3\kit308_assignment3\raytracerass3\stage4\release\raytrace.obj
c:\users\wdcta\onedrive\desktop\kit308\assignment 3\kit308_assignment3\raytracerass3\stage4\release\loadcl.obj
c:\users\wdcta\onedrive\desktop\kit308\assignment 3\kit308_assignment3\raytracerass3\stage4\release\lighting.obj
c:\users\wdcta\onedrive\desktop\kit308\assignment 3\kit308_assignment3\raytracerass3\stage4\release\intersection.obj
c:\users\wdcta\onedrive\desktop\kit308\assignment 3\kit308_assignment3\raytracerass3\stage4\release\imageio.obj
c:\users\wdcta\onedrive\desktop\kit308\assignment 3\kit308_assignment3\raytracerass3\stage4\release\config.obj
c:\users\wdcta\onedrive\desktop\kit308\assignment 3\kit308_assignment3\raytracerass3\release\stage4.exe
c:\users\wdcta\onedrive\desktop\kit308\assignment 3\kit308_assignment3\raytracerass3\release\stage4.pdb
c:\users\wdcta\onedrive\desktop\kit308\assignment 3\kit308_assignment3\raytracerass3\release\stage4.ipdb
c:\users\wdcta\onedrive\desktop\kit308\assignment 3\kit308_assignment3\raytracerass3\release\stage4.iobj
c:\users\wdcta\onedrive\desktop\kit308\assignment 3\kit308_assignment3\raytracerass3\stage4\release\stage4.tlog\cl.command.1.tlog
c:\users\wdcta\onedrive\desktop\kit308\assignment 3\kit308_assignment3\raytracerass3\stage4\release\stage4.tlog\cl.read.1.tlog
c:\users\wdcta\onedrive\desktop\kit308\assignment 3\kit308_assignment3\raytracerass3\stage4\release\stage4.tlog\cl.write.1.tlog
c:\users\wdcta\onedrive\desktop\kit308\assignment 3\kit308_assignment3\raytracerass3\stage4\release\stage4.tlog\link.command.1.tlog
c:\users\wdcta\onedrive\desktop\kit308\assignment 3\kit308_assignment3\raytracerass3\stage4\release\stage4.tlog\link.read.1.tlog
c:\users\wdcta\onedrive\desktop\kit308\assignment 3\kit308_assignment3\raytracerass3\stage4\release\stage4.tlog\link.write.1.tlog
c:\users\wdcta\onedrive\desktop\kit308\assignment 3\kit308_assignment3\raytracerass3\stage4\release\stage4.tlog\stage4.write.1u.tlog
