c:\users\wdcta\onedrive\desktop\kit308\assignment 3\kit308_assignment3\raytracerass3\stage2\release\vc142.pdb
c:\users\wdcta\onedrive\desktop\kit308\assignment 3\kit308_assignment3\raytracerass3\stage2\release\texturing.obj
c:\users\wdcta\onedrive\desktop\kit308\assignment 3\kit308_assignment3\raytracerass3\stage2\release\scene.obj
c:\users\wdcta\onedrive\desktop\kit308\assignment 3\kit308_assignment3\raytracerass3\stage2\release\raytrace.obj
c:\users\wdcta\onedrive\desktop\kit308\assignment 3\kit308_assignment3\raytracerass3\stage2\release\loadcl.obj
c:\users\wdcta\onedrive\desktop\kit308\assignment 3\kit308_assignment3\raytracerass3\stage2\release\lighting.obj
c:\users\wdcta\onedrive\desktop\kit308\assignment 3\kit308_assignment3\raytracerass3\stage2\release\intersection.obj
c:\users\wdcta\onedrive\desktop\kit308\assignment 3\kit308_assignment3\raytracerass3\stage2\release\imageio.obj
c:\users\wdcta\onedrive\desktop\kit308\assignment 3\kit308_assignment3\raytracerass3\stage2\release\config.obj
c:\users\wdcta\onedrive\desktop\kit308\assignment 3\kit308_assignment3\raytracerass3\release\stage2.exe
c:\users\wdcta\onedrive\desktop\kit308\assignment 3\kit308_assignment3\raytracerass3\release\stage2.pdb
c:\users\wdcta\onedrive\desktop\kit308\assignment 3\kit308_assignment3\raytracerass3\release\stage2.ipdb
c:\users\wdcta\onedrive\desktop\kit308\assignment 3\kit308_assignment3\raytracerass3\release\stage2.iobj
c:\users\wdcta\onedrive\desktop\kit308\assignment 3\kit308_assignment3\raytracerass3\stage2\release\stage2.tlog\cl.command.1.tlog
c:\users\wdcta\onedrive\desktop\kit308\assignment 3\kit308_assignment3\raytracerass3\stage2\release\stage2.tlog\cl.read.1.tlog
c:\users\wdcta\onedrive\desktop\kit308\assignment 3\kit308_assignment3\raytracerass3\stage2\release\stage2.tlog\cl.write.1.tlog
c:\users\wdcta\onedrive\desktop\kit308\assignment 3\kit308_assignment3\raytracerass3\stage2\release\stage2.tlog\link.command.1.tlog
c:\users\wdcta\onedrive\desktop\kit308\assignment 3\kit308_assignment3\raytracerass3\stage2\release\stage2.tlog\link.read.1.tlog
c:\users\wdcta\onedrive\desktop\kit308\assignment 3\kit308_assignment3\raytracerass3\stage2\release\stage2.tlog\link.write.1.tlog
c:\users\wdcta\onedrive\desktop\kit308\assignment 3\kit308_assignment3\raytracerass3\stage2\release\stage2.tlog\stage2.write.1u.tlog
